<?xml version="1.0" encoding="UTF-8"?>
<!-- Generated by org.testng.reporters.JUnitReportReporter -->
<testsuite hostname="Desktop-Monitor-1st-Floor-Room3" failures="0" tests="1" name="com.actitime.testscript.CustomerModule" time="13.189" errors="0" timestamp="2024-10-04T11:59:22 IST" skipped="0">
  <testcase classname="com.actitime.testscript.CustomerModule" name="createCustomer" time="13.189">
    <system-out>
      <![CDATA[actiTIME - Enter Time-Track page is displayed
actiTIME - Task List page is displayed
createCustomer has got passed]]>
    </system-out>
  </testcase> <!-- createCustomer -->
  <system-out>
    <![CDATA[actiTIME - Login page is displayed
actiTIME - Enter Time-Track page is displayed
actiTIME - Task List page is displayed
createCustomer has got passed]]>
  </system-out>
</testsuite> <!-- com.actitime.testscript.CustomerModule -->
